1708246537.206799 client started (61034): version 3.3a, socket /tmp/tmux-1000/default, protocol 8
1708246537.206824 on Linux 6.7.2-arch1-2 #1 SMP PREEMPT_DYNAMIC Wed, 31 Jan 2024 09:22:15 +0000
1708246537.206827 using libevent 2.1.12-stable (poll); ncurses 6.4
1708246537.206849 flags are 0x10010000
1708246537.206852 socket is /tmp/tmux-1000/default
1708246537.206861 trying connect
1708246537.206929 add peer 0x639281cde720: 6 ((nil))
1708246537.207259 sending message 100 to peer 0x639281cde720 (4 bytes)
1708246537.207265 sending message 111 to peer 0x639281cde720 (8 bytes)
1708246537.207268 sending message 101 to peer 0x639281cde720 (14 bytes)
1708246537.207270 sending message 109 to peer 0x639281cde720 (4 bytes)
1708246537.207273 sending message 102 to peer 0x639281cde720 (11 bytes)
1708246537.207276 sending message 108 to peer 0x639281cde720 (39 bytes)
1708246537.207279 sending message 112 to peer 0x639281cde720 (70 bytes)
1708246537.207282 sending message 112 to peer 0x639281cde720 (5 bytes)
1708246537.207284 sending message 112 to peer 0x639281cde720 (5 bytes)
1708246537.207287 sending message 112 to peer 0x639281cde720 (6 bytes)
1708246537.207290 sending message 112 to peer 0x639281cde720 (6 bytes)
1708246537.207292 sending message 112 to peer 0x639281cde720 (11 bytes)
1708246537.207295 sending message 112 to peer 0x639281cde720 (10 bytes)
1708246537.207298 sending message 112 to peer 0x639281cde720 (13 bytes)
1708246537.207300 sending message 112 to peer 0x639281cde720 (13 bytes)
1708246537.207303 sending message 112 to peer 0x639281cde720 (18 bytes)
1708246537.207306 sending message 112 to peer 0x639281cde720 (11 bytes)
1708246537.207308 sending message 112 to peer 0x639281cde720 (10 bytes)
1708246537.207311 sending message 112 to peer 0x639281cde720 (15 bytes)
1708246537.207314 sending message 112 to peer 0x639281cde720 (21 bytes)
1708246537.207317 sending message 112 to peer 0x639281cde720 (13 bytes)
1708246537.207320 sending message 112 to peer 0x639281cde720 (7 bytes)
1708246537.207322 sending message 112 to peer 0x639281cde720 (13 bytes)
1708246537.207325 sending message 112 to peer 0x639281cde720 (7 bytes)
1708246537.207328 sending message 112 to peer 0x639281cde720 (13 bytes)
1708246537.207330 sending message 112 to peer 0x639281cde720 (9 bytes)
1708246537.207333 sending message 112 to peer 0x639281cde720 (21 bytes)
1708246537.207336 sending message 112 to peer 0x639281cde720 (13 bytes)
1708246537.207338 sending message 112 to peer 0x639281cde720 (8 bytes)
1708246537.207341 sending message 112 to peer 0x639281cde720 (12 bytes)
1708246537.207344 sending message 112 to peer 0x639281cde720 (13 bytes)
1708246537.207346 sending message 112 to peer 0x639281cde720 (9 bytes)
1708246537.207349 sending message 112 to peer 0x639281cde720 (9 bytes)
1708246537.207352 sending message 112 to peer 0x639281cde720 (12 bytes)
1708246537.207354 sending message 112 to peer 0x639281cde720 (8 bytes)
1708246537.207357 sending message 112 to peer 0x639281cde720 (8 bytes)
1708246537.207359 sending message 112 to peer 0x639281cde720 (7 bytes)
1708246537.207362 sending message 112 to peer 0x639281cde720 (7 bytes)
1708246537.207365 sending message 112 to peer 0x639281cde720 (9 bytes)
1708246537.207367 sending message 112 to peer 0x639281cde720 (13 bytes)
1708246537.207370 sending message 112 to peer 0x639281cde720 (6 bytes)
1708246537.207373 sending message 112 to peer 0x639281cde720 (9 bytes)
1708246537.207375 sending message 112 to peer 0x639281cde720 (15 bytes)
1708246537.207378 sending message 112 to peer 0x639281cde720 (13 bytes)
1708246537.207381 sending message 112 to peer 0x639281cde720 (12 bytes)
1708246537.207384 sending message 112 to peer 0x639281cde720 (8 bytes)
1708246537.207386 sending message 112 to peer 0x639281cde720 (14 bytes)
1708246537.207389 sending message 112 to peer 0x639281cde720 (11 bytes)
1708246537.207392 sending message 112 to peer 0x639281cde720 (9 bytes)
1708246537.207394 sending message 112 to peer 0x639281cde720 (10 bytes)
1708246537.207397 sending message 112 to peer 0x639281cde720 (10 bytes)
1708246537.207400 sending message 112 to peer 0x639281cde720 (10 bytes)
1708246537.207409 sending message 112 to peer 0x639281cde720 (10 bytes)
1708246537.207411 sending message 112 to peer 0x639281cde720 (11 bytes)
1708246537.207414 sending message 112 to peer 0x639281cde720 (12 bytes)
1708246537.207417 sending message 112 to peer 0x639281cde720 (12 bytes)
1708246537.207419 sending message 112 to peer 0x639281cde720 (12 bytes)
1708246537.207422 sending message 112 to peer 0x639281cde720 (12 bytes)
1708246537.207425 sending message 112 to peer 0x639281cde720 (12 bytes)
1708246537.207428 sending message 112 to peer 0x639281cde720 (11 bytes)
1708246537.207430 sending message 112 to peer 0x639281cde720 (11 bytes)
1708246537.207433 sending message 112 to peer 0x639281cde720 (12 bytes)
1708246537.207435 sending message 112 to peer 0x639281cde720 (12 bytes)
1708246537.207438 sending message 112 to peer 0x639281cde720 (12 bytes)
1708246537.207441 sending message 112 to peer 0x639281cde720 (12 bytes)
1708246537.207443 sending message 112 to peer 0x639281cde720 (12 bytes)
1708246537.207446 sending message 112 to peer 0x639281cde720 (10 bytes)
1708246537.207449 sending message 112 to peer 0x639281cde720 (12 bytes)
1708246537.207451 sending message 112 to peer 0x639281cde720 (13 bytes)
1708246537.207454 sending message 112 to peer 0x639281cde720 (13 bytes)
1708246537.207457 sending message 112 to peer 0x639281cde720 (13 bytes)
1708246537.207459 sending message 112 to peer 0x639281cde720 (13 bytes)
1708246537.207462 sending message 112 to peer 0x639281cde720 (13 bytes)
1708246537.207464 sending message 112 to peer 0x639281cde720 (8 bytes)
1708246537.207467 sending message 112 to peer 0x639281cde720 (11 bytes)
1708246537.207470 sending message 112 to peer 0x639281cde720 (11 bytes)
1708246537.207472 sending message 112 to peer 0x639281cde720 (11 bytes)
1708246537.207475 sending message 112 to peer 0x639281cde720 (12 bytes)
1708246537.207478 sending message 112 to peer 0x639281cde720 (12 bytes)
1708246537.207480 sending message 112 to peer 0x639281cde720 (12 bytes)
1708246537.207483 sending message 112 to peer 0x639281cde720 (12 bytes)
1708246537.207486 sending message 112 to peer 0x639281cde720 (13 bytes)
1708246537.207488 sending message 112 to peer 0x639281cde720 (13 bytes)
1708246537.207491 sending message 112 to peer 0x639281cde720 (13 bytes)
1708246537.207493 sending message 112 to peer 0x639281cde720 (8 bytes)
1708246537.207496 sending message 112 to peer 0x639281cde720 (13 bytes)
1708246537.207499 sending message 112 to peer 0x639281cde720 (13 bytes)
1708246537.207501 sending message 112 to peer 0x639281cde720 (13 bytes)
1708246537.207504 sending message 112 to peer 0x639281cde720 (13 bytes)
1708246537.207507 sending message 112 to peer 0x639281cde720 (13 bytes)
1708246537.207509 sending message 112 to peer 0x639281cde720 (12 bytes)
1708246537.207512 sending message 112 to peer 0x639281cde720 (12 bytes)
1708246537.207515 sending message 112 to peer 0x639281cde720 (12 bytes)
1708246537.207518 sending message 112 to peer 0x639281cde720 (12 bytes)
1708246537.207521 sending message 112 to peer 0x639281cde720 (13 bytes)
1708246537.207523 sending message 112 to peer 0x639281cde720 (8 bytes)
1708246537.207526 sending message 112 to peer 0x639281cde720 (13 bytes)
1708246537.207529 sending message 112 to peer 0x639281cde720 (13 bytes)
1708246537.207532 sending message 112 to peer 0x639281cde720 (13 bytes)
1708246537.207534 sending message 112 to peer 0x639281cde720 (13 bytes)
1708246537.207537 sending message 112 to peer 0x639281cde720 (13 bytes)
1708246537.207540 sending message 112 to peer 0x639281cde720 (13 bytes)
1708246537.207543 sending message 112 to peer 0x639281cde720 (13 bytes)
1708246537.207546 sending message 112 to peer 0x639281cde720 (12 bytes)
1708246537.207548 sending message 112 to peer 0x639281cde720 (12 bytes)
1708246537.207551 sending message 112 to peer 0x639281cde720 (12 bytes)
1708246537.207554 sending message 112 to peer 0x639281cde720 (8 bytes)
1708246537.207557 sending message 112 to peer 0x639281cde720 (12 bytes)
1708246537.207559 sending message 112 to peer 0x639281cde720 (13 bytes)
1708246537.207565 sending message 112 to peer 0x639281cde720 (13 bytes)
1708246537.207567 sending message 112 to peer 0x639281cde720 (13 bytes)
1708246537.207570 sending message 112 to peer 0x639281cde720 (13 bytes)
1708246537.207573 sending message 112 to peer 0x639281cde720 (13 bytes)
1708246537.207575 sending message 112 to peer 0x639281cde720 (13 bytes)
1708246537.207578 sending message 112 to peer 0x639281cde720 (13 bytes)
1708246537.207581 sending message 112 to peer 0x639281cde720 (13 bytes)
1708246537.207583 sending message 112 to peer 0x639281cde720 (12 bytes)
1708246537.207586 sending message 112 to peer 0x639281cde720 (10 bytes)
1708246537.207589 sending message 112 to peer 0x639281cde720 (12 bytes)
1708246537.207592 sending message 112 to peer 0x639281cde720 (12 bytes)
1708246537.207594 sending message 112 to peer 0x639281cde720 (12 bytes)
1708246537.207597 sending message 112 to peer 0x639281cde720 (13 bytes)
1708246537.207600 sending message 112 to peer 0x639281cde720 (13 bytes)
1708246537.207602 sending message 112 to peer 0x639281cde720 (13 bytes)
1708246537.207605 sending message 112 to peer 0x639281cde720 (13 bytes)
1708246537.207608 sending message 112 to peer 0x639281cde720 (13 bytes)
1708246537.207610 sending message 112 to peer 0x639281cde720 (13 bytes)
1708246537.207613 sending message 112 to peer 0x639281cde720 (13 bytes)
1708246537.207616 sending message 112 to peer 0x639281cde720 (10 bytes)
1708246537.207618 sending message 112 to peer 0x639281cde720 (13 bytes)
1708246537.207621 sending message 112 to peer 0x639281cde720 (12 bytes)
1708246537.207624 sending message 112 to peer 0x639281cde720 (12 bytes)
1708246537.207626 sending message 112 to peer 0x639281cde720 (12 bytes)
1708246537.207629 sending message 112 to peer 0x639281cde720 (10 bytes)
1708246537.207632 sending message 112 to peer 0x639281cde720 (10 bytes)
1708246537.207634 sending message 112 to peer 0x639281cde720 (10 bytes)
1708246537.207637 sending message 112 to peer 0x639281cde720 (12 bytes)
1708246537.207640 sending message 112 to peer 0x639281cde720 (13 bytes)
1708246537.207642 sending message 112 to peer 0x639281cde720 (13 bytes)
1708246537.207645 sending message 112 to peer 0x639281cde720 (13 bytes)
1708246537.207648 sending message 112 to peer 0x639281cde720 (13 bytes)
1708246537.207650 sending message 112 to peer 0x639281cde720 (13 bytes)
1708246537.207653 sending message 112 to peer 0x639281cde720 (11 bytes)
1708246537.207655 sending message 112 to peer 0x639281cde720 (11 bytes)
1708246537.207658 sending message 112 to peer 0x639281cde720 (12 bytes)
1708246537.207661 sending message 112 to peer 0x639281cde720 (12 bytes)
1708246537.207664 sending message 112 to peer 0x639281cde720 (12 bytes)
1708246537.207666 sending message 112 to peer 0x639281cde720 (12 bytes)
1708246537.207669 sending message 112 to peer 0x639281cde720 (12 bytes)
1708246537.207672 sending message 112 to peer 0x639281cde720 (11 bytes)
1708246537.207674 sending message 112 to peer 0x639281cde720 (12 bytes)
1708246537.207677 sending message 112 to peer 0x639281cde720 (12 bytes)
1708246537.207680 sending message 112 to peer 0x639281cde720 (13 bytes)
1708246537.207682 sending message 112 to peer 0x639281cde720 (13 bytes)
1708246537.207685 sending message 112 to peer 0x639281cde720 (13 bytes)
1708246537.207688 sending message 112 to peer 0x639281cde720 (13 bytes)
1708246537.207690 sending message 112 to peer 0x639281cde720 (13 bytes)
1708246537.207693 sending message 112 to peer 0x639281cde720 (10 bytes)
1708246537.207696 sending message 112 to peer 0x639281cde720 (9 bytes)
1708246537.207698 sending message 112 to peer 0x639281cde720 (12 bytes)
1708246537.207701 sending message 112 to peer 0x639281cde720 (13 bytes)
1708246537.207704 sending message 112 to peer 0x639281cde720 (13 bytes)
1708246537.207709 sending message 112 to peer 0x639281cde720 (13 bytes)
1708246537.207712 sending message 112 to peer 0x639281cde720 (13 bytes)
1708246537.207715 sending message 112 to peer 0x639281cde720 (13 bytes)
1708246537.207720 sending message 112 to peer 0x639281cde720 (9 bytes)
1708246537.207723 sending message 112 to peer 0x639281cde720 (12 bytes)
1708246537.207725 sending message 112 to peer 0x639281cde720 (13 bytes)
1708246537.207728 sending message 112 to peer 0x639281cde720 (13 bytes)
1708246537.207730 sending message 112 to peer 0x639281cde720 (13 bytes)
1708246537.207733 sending message 112 to peer 0x639281cde720 (13 bytes)
1708246537.207736 sending message 112 to peer 0x639281cde720 (13 bytes)
1708246537.207738 sending message 112 to peer 0x639281cde720 (11 bytes)
1708246537.207741 sending message 112 to peer 0x639281cde720 (12 bytes)
1708246537.207744 sending message 112 to peer 0x639281cde720 (13 bytes)
1708246537.207746 sending message 112 to peer 0x639281cde720 (13 bytes)
1708246537.207749 sending message 112 to peer 0x639281cde720 (13 bytes)
1708246537.207751 sending message 112 to peer 0x639281cde720 (13 bytes)
1708246537.207754 sending message 112 to peer 0x639281cde720 (13 bytes)
1708246537.207757 sending message 112 to peer 0x639281cde720 (11 bytes)
1708246537.207759 sending message 112 to peer 0x639281cde720 (12 bytes)
1708246537.207762 sending message 112 to peer 0x639281cde720 (12 bytes)
1708246537.207764 sending message 112 to peer 0x639281cde720 (12 bytes)
1708246537.207767 sending message 112 to peer 0x639281cde720 (12 bytes)
1708246537.207770 sending message 112 to peer 0x639281cde720 (12 bytes)
1708246537.207772 sending message 112 to peer 0x639281cde720 (21 bytes)
1708246537.207775 sending message 112 to peer 0x639281cde720 (12 bytes)
1708246537.207777 sending message 112 to peer 0x639281cde720 (9 bytes)
1708246537.207780 sending message 112 to peer 0x639281cde720 (6 bytes)
1708246537.207783 sending message 112 to peer 0x639281cde720 (13 bytes)
1708246537.207785 sending message 112 to peer 0x639281cde720 (8 bytes)
1708246537.207788 sending message 112 to peer 0x639281cde720 (15 bytes)
1708246537.207791 sending message 112 to peer 0x639281cde720 (13 bytes)
1708246537.207793 sending message 112 to peer 0x639281cde720 (9 bytes)
1708246537.207796 sending message 112 to peer 0x639281cde720 (70 bytes)
1708246537.207799 sending message 112 to peer 0x639281cde720 (69 bytes)
1708246537.207801 sending message 112 to peer 0x639281cde720 (10 bytes)
1708246537.207804 sending message 112 to peer 0x639281cde720 (10 bytes)
1708246537.207806 sending message 112 to peer 0x639281cde720 (8 bytes)
1708246537.207809 sending message 112 to peer 0x639281cde720 (15 bytes)
1708246537.207812 sending message 112 to peer 0x639281cde720 (13 bytes)
1708246537.207814 sending message 112 to peer 0x639281cde720 (10 bytes)
1708246537.207817 sending message 112 to peer 0x639281cde720 (10 bytes)
1708246537.207819 sending message 112 to peer 0x639281cde720 (17 bytes)
1708246537.207822 sending message 112 to peer 0x639281cde720 (10 bytes)
1708246537.207825 sending message 112 to peer 0x639281cde720 (13 bytes)
1708246537.207827 sending message 112 to peer 0x639281cde720 (9 bytes)
1708246537.207830 sending message 112 to peer 0x639281cde720 (5 bytes)
1708246537.207832 sending message 112 to peer 0x639281cde720 (15 bytes)
1708246537.207836 sending message 104 to peer 0x639281cde720 (0 bytes)
1708246537.207840 sending message 110 to peer 0x639281cde720 (0 bytes)
1708246537.207844 sending message 107 to peer 0x639281cde720 (4 bytes)
1708246537.207846 sending message 105 to peer 0x639281cde720 (46 bytes)
1708246537.207849 sending message 105 to peer 0x639281cde720 (67 bytes)
1708246537.207852 sending message 105 to peer 0x639281cde720 (22 bytes)
1708246537.207854 sending message 105 to peer 0x639281cde720 (33 bytes)
1708246537.207857 sending message 105 to peer 0x639281cde720 (54 bytes)
1708246537.207860 sending message 105 to peer 0x639281cde720 (43 bytes)
1708246537.207862 sending message 105 to peer 0x639281cde720 (22 bytes)
1708246537.207865 sending message 105 to peer 0x639281cde720 (35 bytes)
1708246537.207867 sending message 105 to peer 0x639281cde720 (86 bytes)
1708246537.207870 sending message 105 to peer 0x639281cde720 (15 bytes)
1708246537.207873 sending message 105 to peer 0x639281cde720 (38 bytes)
1708246537.207878 sending message 105 to peer 0x639281cde720 (15 bytes)
1708246537.207880 sending message 105 to peer 0x639281cde720 (17 bytes)
1708246537.207883 sending message 105 to peer 0x639281cde720 (12 bytes)
1708246537.207888 sending message 105 to peer 0x639281cde720 (25 bytes)
1708246537.207891 sending message 105 to peer 0x639281cde720 (16 bytes)
1708246537.207893 sending message 105 to peer 0x639281cde720 (11 bytes)
1708246537.207896 sending message 105 to peer 0x639281cde720 (155 bytes)
1708246537.207899 sending message 105 to peer 0x639281cde720 (38 bytes)
1708246537.207901 sending message 105 to peer 0x639281cde720 (51 bytes)
1708246537.207904 sending message 105 to peer 0x639281cde720 (26 bytes)
1708246537.207907 sending message 105 to peer 0x639281cde720 (15 bytes)
1708246537.207909 sending message 105 to peer 0x639281cde720 (62 bytes)
1708246537.207912 sending message 105 to peer 0x639281cde720 (20 bytes)
1708246537.207914 sending message 105 to peer 0x639281cde720 (47 bytes)
1708246537.207917 sending message 105 to peer 0x639281cde720 (20 bytes)
1708246537.207920 sending message 105 to peer 0x639281cde720 (70 bytes)
1708246537.207922 sending message 105 to peer 0x639281cde720 (23 bytes)
1708246537.207925 sending message 105 to peer 0x639281cde720 (9 bytes)
1708246537.207928 sending message 105 to peer 0x639281cde720 (287 bytes)
1708246537.207931 sending message 105 to peer 0x639281cde720 (57 bytes)
1708246537.207933 sending message 105 to peer 0x639281cde720 (12 bytes)
1708246537.207936 sending message 105 to peer 0x639281cde720 (17 bytes)
1708246537.207939 sending message 105 to peer 0x639281cde720 (23 bytes)
1708246537.207941 sending message 105 to peer 0x639281cde720 (18 bytes)
1708246537.207944 sending message 105 to peer 0x639281cde720 (41 bytes)
1708246537.207946 sending message 105 to peer 0x639281cde720 (16 bytes)
1708246537.207949 sending message 105 to peer 0x639281cde720 (18 bytes)
1708246537.207952 sending message 105 to peer 0x639281cde720 (35 bytes)
1708246537.207954 sending message 105 to peer 0x639281cde720 (25 bytes)
1708246537.207957 sending message 105 to peer 0x639281cde720 (22 bytes)
1708246537.207960 sending message 105 to peer 0x639281cde720 (26 bytes)
1708246537.207962 sending message 105 to peer 0x639281cde720 (8 bytes)
1708246537.207965 sending message 105 to peer 0x639281cde720 (14 bytes)
1708246537.207968 sending message 105 to peer 0x639281cde720 (109 bytes)
1708246537.207970 sending message 105 to peer 0x639281cde720 (23 bytes)
1708246537.207973 sending message 105 to peer 0x639281cde720 (120 bytes)
1708246537.207976 sending message 105 to peer 0x639281cde720 (26 bytes)
1708246537.207978 sending message 105 to peer 0x639281cde720 (13 bytes)
1708246537.207981 sending message 105 to peer 0x639281cde720 (23 bytes)
1708246537.207983 sending message 105 to peer 0x639281cde720 (31 bytes)
1708246537.207986 sending message 105 to peer 0x639281cde720 (45 bytes)
1708246537.207989 sending message 105 to peer 0x639281cde720 (19 bytes)
1708246537.207991 sending message 105 to peer 0x639281cde720 (26 bytes)
1708246537.207994 sending message 105 to peer 0x639281cde720 (60 bytes)
1708246537.207997 sending message 105 to peer 0x639281cde720 (54 bytes)
1708246537.207999 sending message 105 to peer 0x639281cde720 (32 bytes)
1708246537.208002 sending message 105 to peer 0x639281cde720 (21 bytes)
1708246537.208005 sending message 106 to peer 0x639281cde720 (0 bytes)
1708246537.208052 sending message 200 to peer 0x639281cde720 (4 bytes)
1708246537.208055 client loop enter
1708246537.211601 peer 0x639281cde720 message 303
1708246537.211613 open write file 2 -
1708246537.211627 sending message 305 to peer 0x639281cde720 (8 bytes)
1708246537.211637 write check file 2
1708246537.211843 peer 0x639281cde720 message 304
1708246537.211849 write 58 to file 2
1708246537.211853 peer 0x639281cde720 message 203
1708246537.211856 file 2 58 bytes left
1708246537.211869 write check file 2
1708246537.211871 client loop exit
