1708246531.429121 client started (60958): version 3.3a, socket /tmp/tmux-1000/default, protocol 8
1708246531.429160 on Linux 6.7.2-arch1-2 #1 SMP PREEMPT_DYNAMIC Wed, 31 Jan 2024 09:22:15 +0000
1708246531.429164 using libevent 2.1.12-stable (poll); ncurses 6.4
1708246531.429184 flags are 0x10010000
1708246531.429187 socket is /tmp/tmux-1000/default
1708246531.429199 trying connect
1708246531.429261 add peer 0x59a2899e4720: 6 ((nil))
1708246531.429585 sending message 100 to peer 0x59a2899e4720 (4 bytes)
1708246531.429590 sending message 111 to peer 0x59a2899e4720 (8 bytes)
1708246531.429592 sending message 101 to peer 0x59a2899e4720 (14 bytes)
1708246531.429595 sending message 109 to peer 0x59a2899e4720 (4 bytes)
1708246531.429597 sending message 102 to peer 0x59a2899e4720 (11 bytes)
1708246531.429600 sending message 108 to peer 0x59a2899e4720 (39 bytes)
1708246531.429602 sending message 112 to peer 0x59a2899e4720 (70 bytes)
1708246531.429605 sending message 112 to peer 0x59a2899e4720 (5 bytes)
1708246531.429608 sending message 112 to peer 0x59a2899e4720 (5 bytes)
1708246531.429610 sending message 112 to peer 0x59a2899e4720 (6 bytes)
1708246531.429613 sending message 112 to peer 0x59a2899e4720 (6 bytes)
1708246531.429615 sending message 112 to peer 0x59a2899e4720 (11 bytes)
1708246531.429618 sending message 112 to peer 0x59a2899e4720 (10 bytes)
1708246531.429620 sending message 112 to peer 0x59a2899e4720 (13 bytes)
1708246531.429623 sending message 112 to peer 0x59a2899e4720 (13 bytes)
1708246531.429625 sending message 112 to peer 0x59a2899e4720 (18 bytes)
1708246531.429627 sending message 112 to peer 0x59a2899e4720 (11 bytes)
1708246531.429630 sending message 112 to peer 0x59a2899e4720 (10 bytes)
1708246531.429633 sending message 112 to peer 0x59a2899e4720 (15 bytes)
1708246531.429635 sending message 112 to peer 0x59a2899e4720 (21 bytes)
1708246531.429637 sending message 112 to peer 0x59a2899e4720 (13 bytes)
1708246531.429640 sending message 112 to peer 0x59a2899e4720 (7 bytes)
1708246531.429643 sending message 112 to peer 0x59a2899e4720 (13 bytes)
1708246531.429645 sending message 112 to peer 0x59a2899e4720 (7 bytes)
1708246531.429647 sending message 112 to peer 0x59a2899e4720 (13 bytes)
1708246531.429650 sending message 112 to peer 0x59a2899e4720 (9 bytes)
1708246531.429652 sending message 112 to peer 0x59a2899e4720 (21 bytes)
1708246531.429655 sending message 112 to peer 0x59a2899e4720 (13 bytes)
1708246531.429657 sending message 112 to peer 0x59a2899e4720 (8 bytes)
1708246531.429660 sending message 112 to peer 0x59a2899e4720 (12 bytes)
1708246531.429662 sending message 112 to peer 0x59a2899e4720 (13 bytes)
1708246531.429665 sending message 112 to peer 0x59a2899e4720 (9 bytes)
1708246531.429667 sending message 112 to peer 0x59a2899e4720 (9 bytes)
1708246531.429670 sending message 112 to peer 0x59a2899e4720 (12 bytes)
1708246531.429672 sending message 112 to peer 0x59a2899e4720 (8 bytes)
1708246531.429674 sending message 112 to peer 0x59a2899e4720 (8 bytes)
1708246531.429677 sending message 112 to peer 0x59a2899e4720 (7 bytes)
1708246531.429679 sending message 112 to peer 0x59a2899e4720 (7 bytes)
1708246531.429682 sending message 112 to peer 0x59a2899e4720 (9 bytes)
1708246531.429684 sending message 112 to peer 0x59a2899e4720 (13 bytes)
1708246531.429687 sending message 112 to peer 0x59a2899e4720 (6 bytes)
1708246531.429689 sending message 112 to peer 0x59a2899e4720 (9 bytes)
1708246531.429692 sending message 112 to peer 0x59a2899e4720 (15 bytes)
1708246531.429694 sending message 112 to peer 0x59a2899e4720 (13 bytes)
1708246531.429696 sending message 112 to peer 0x59a2899e4720 (12 bytes)
1708246531.429699 sending message 112 to peer 0x59a2899e4720 (8 bytes)
1708246531.429702 sending message 112 to peer 0x59a2899e4720 (14 bytes)
1708246531.429704 sending message 112 to peer 0x59a2899e4720 (11 bytes)
1708246531.429707 sending message 112 to peer 0x59a2899e4720 (9 bytes)
1708246531.429709 sending message 112 to peer 0x59a2899e4720 (10 bytes)
1708246531.429712 sending message 112 to peer 0x59a2899e4720 (10 bytes)
1708246531.429714 sending message 112 to peer 0x59a2899e4720 (10 bytes)
1708246531.429722 sending message 112 to peer 0x59a2899e4720 (10 bytes)
1708246531.429724 sending message 112 to peer 0x59a2899e4720 (11 bytes)
1708246531.429727 sending message 112 to peer 0x59a2899e4720 (12 bytes)
1708246531.429729 sending message 112 to peer 0x59a2899e4720 (12 bytes)
1708246531.429732 sending message 112 to peer 0x59a2899e4720 (12 bytes)
1708246531.429734 sending message 112 to peer 0x59a2899e4720 (12 bytes)
1708246531.429736 sending message 112 to peer 0x59a2899e4720 (12 bytes)
1708246531.429739 sending message 112 to peer 0x59a2899e4720 (11 bytes)
1708246531.429742 sending message 112 to peer 0x59a2899e4720 (11 bytes)
1708246531.429744 sending message 112 to peer 0x59a2899e4720 (12 bytes)
1708246531.429746 sending message 112 to peer 0x59a2899e4720 (12 bytes)
1708246531.429749 sending message 112 to peer 0x59a2899e4720 (12 bytes)
1708246531.429751 sending message 112 to peer 0x59a2899e4720 (12 bytes)
1708246531.429754 sending message 112 to peer 0x59a2899e4720 (12 bytes)
1708246531.429756 sending message 112 to peer 0x59a2899e4720 (10 bytes)
1708246531.429758 sending message 112 to peer 0x59a2899e4720 (12 bytes)
1708246531.429761 sending message 112 to peer 0x59a2899e4720 (13 bytes)
1708246531.429763 sending message 112 to peer 0x59a2899e4720 (13 bytes)
1708246531.429766 sending message 112 to peer 0x59a2899e4720 (13 bytes)
1708246531.429768 sending message 112 to peer 0x59a2899e4720 (13 bytes)
1708246531.429770 sending message 112 to peer 0x59a2899e4720 (13 bytes)
1708246531.429773 sending message 112 to peer 0x59a2899e4720 (8 bytes)
1708246531.429775 sending message 112 to peer 0x59a2899e4720 (11 bytes)
1708246531.429778 sending message 112 to peer 0x59a2899e4720 (11 bytes)
1708246531.429780 sending message 112 to peer 0x59a2899e4720 (11 bytes)
1708246531.429783 sending message 112 to peer 0x59a2899e4720 (12 bytes)
1708246531.429785 sending message 112 to peer 0x59a2899e4720 (12 bytes)
1708246531.429787 sending message 112 to peer 0x59a2899e4720 (12 bytes)
1708246531.429790 sending message 112 to peer 0x59a2899e4720 (12 bytes)
1708246531.429792 sending message 112 to peer 0x59a2899e4720 (13 bytes)
1708246531.429795 sending message 112 to peer 0x59a2899e4720 (13 bytes)
1708246531.429797 sending message 112 to peer 0x59a2899e4720 (13 bytes)
1708246531.429800 sending message 112 to peer 0x59a2899e4720 (8 bytes)
1708246531.429802 sending message 112 to peer 0x59a2899e4720 (13 bytes)
1708246531.429805 sending message 112 to peer 0x59a2899e4720 (13 bytes)
1708246531.429807 sending message 112 to peer 0x59a2899e4720 (13 bytes)
1708246531.429809 sending message 112 to peer 0x59a2899e4720 (13 bytes)
1708246531.429812 sending message 112 to peer 0x59a2899e4720 (13 bytes)
1708246531.429814 sending message 112 to peer 0x59a2899e4720 (12 bytes)
1708246531.429817 sending message 112 to peer 0x59a2899e4720 (12 bytes)
1708246531.429819 sending message 112 to peer 0x59a2899e4720 (12 bytes)
1708246531.429822 sending message 112 to peer 0x59a2899e4720 (12 bytes)
1708246531.429824 sending message 112 to peer 0x59a2899e4720 (13 bytes)
1708246531.429827 sending message 112 to peer 0x59a2899e4720 (8 bytes)
1708246531.429829 sending message 112 to peer 0x59a2899e4720 (13 bytes)
1708246531.429832 sending message 112 to peer 0x59a2899e4720 (13 bytes)
1708246531.429834 sending message 112 to peer 0x59a2899e4720 (13 bytes)
1708246531.429837 sending message 112 to peer 0x59a2899e4720 (13 bytes)
1708246531.429839 sending message 112 to peer 0x59a2899e4720 (13 bytes)
1708246531.429842 sending message 112 to peer 0x59a2899e4720 (13 bytes)
1708246531.429844 sending message 112 to peer 0x59a2899e4720 (13 bytes)
1708246531.429847 sending message 112 to peer 0x59a2899e4720 (12 bytes)
1708246531.429850 sending message 112 to peer 0x59a2899e4720 (12 bytes)
1708246531.429852 sending message 112 to peer 0x59a2899e4720 (12 bytes)
1708246531.429855 sending message 112 to peer 0x59a2899e4720 (8 bytes)
1708246531.429857 sending message 112 to peer 0x59a2899e4720 (12 bytes)
1708246531.429860 sending message 112 to peer 0x59a2899e4720 (13 bytes)
1708246531.429864 sending message 112 to peer 0x59a2899e4720 (13 bytes)
1708246531.429867 sending message 112 to peer 0x59a2899e4720 (13 bytes)
1708246531.429869 sending message 112 to peer 0x59a2899e4720 (13 bytes)
1708246531.429872 sending message 112 to peer 0x59a2899e4720 (13 bytes)
1708246531.429874 sending message 112 to peer 0x59a2899e4720 (13 bytes)
1708246531.429877 sending message 112 to peer 0x59a2899e4720 (13 bytes)
1708246531.429879 sending message 112 to peer 0x59a2899e4720 (13 bytes)
1708246531.429882 sending message 112 to peer 0x59a2899e4720 (12 bytes)
1708246531.429884 sending message 112 to peer 0x59a2899e4720 (10 bytes)
1708246531.429887 sending message 112 to peer 0x59a2899e4720 (12 bytes)
1708246531.429889 sending message 112 to peer 0x59a2899e4720 (12 bytes)
1708246531.429892 sending message 112 to peer 0x59a2899e4720 (12 bytes)
1708246531.429894 sending message 112 to peer 0x59a2899e4720 (13 bytes)
1708246531.429897 sending message 112 to peer 0x59a2899e4720 (13 bytes)
1708246531.429899 sending message 112 to peer 0x59a2899e4720 (13 bytes)
1708246531.429902 sending message 112 to peer 0x59a2899e4720 (13 bytes)
1708246531.429904 sending message 112 to peer 0x59a2899e4720 (13 bytes)
1708246531.429907 sending message 112 to peer 0x59a2899e4720 (13 bytes)
1708246531.429909 sending message 112 to peer 0x59a2899e4720 (13 bytes)
1708246531.429912 sending message 112 to peer 0x59a2899e4720 (10 bytes)
1708246531.429914 sending message 112 to peer 0x59a2899e4720 (13 bytes)
1708246531.429916 sending message 112 to peer 0x59a2899e4720 (12 bytes)
1708246531.429919 sending message 112 to peer 0x59a2899e4720 (12 bytes)
1708246531.429921 sending message 112 to peer 0x59a2899e4720 (12 bytes)
1708246531.429924 sending message 112 to peer 0x59a2899e4720 (10 bytes)
1708246531.429926 sending message 112 to peer 0x59a2899e4720 (10 bytes)
1708246531.429929 sending message 112 to peer 0x59a2899e4720 (10 bytes)
1708246531.429931 sending message 112 to peer 0x59a2899e4720 (12 bytes)
1708246531.429934 sending message 112 to peer 0x59a2899e4720 (13 bytes)
1708246531.429936 sending message 112 to peer 0x59a2899e4720 (13 bytes)
1708246531.429939 sending message 112 to peer 0x59a2899e4720 (13 bytes)
1708246531.429941 sending message 112 to peer 0x59a2899e4720 (13 bytes)
1708246531.429943 sending message 112 to peer 0x59a2899e4720 (13 bytes)
1708246531.429946 sending message 112 to peer 0x59a2899e4720 (11 bytes)
1708246531.429948 sending message 112 to peer 0x59a2899e4720 (11 bytes)
1708246531.429951 sending message 112 to peer 0x59a2899e4720 (12 bytes)
1708246531.429953 sending message 112 to peer 0x59a2899e4720 (12 bytes)
1708246531.429956 sending message 112 to peer 0x59a2899e4720 (12 bytes)
1708246531.429958 sending message 112 to peer 0x59a2899e4720 (12 bytes)
1708246531.429961 sending message 112 to peer 0x59a2899e4720 (12 bytes)
1708246531.429963 sending message 112 to peer 0x59a2899e4720 (11 bytes)
1708246531.429966 sending message 112 to peer 0x59a2899e4720 (12 bytes)
1708246531.429968 sending message 112 to peer 0x59a2899e4720 (12 bytes)
1708246531.429971 sending message 112 to peer 0x59a2899e4720 (13 bytes)
1708246531.429973 sending message 112 to peer 0x59a2899e4720 (13 bytes)
1708246531.429975 sending message 112 to peer 0x59a2899e4720 (13 bytes)
1708246531.429991 sending message 112 to peer 0x59a2899e4720 (13 bytes)
1708246531.429994 sending message 112 to peer 0x59a2899e4720 (13 bytes)
1708246531.429996 sending message 112 to peer 0x59a2899e4720 (10 bytes)
1708246531.429999 sending message 112 to peer 0x59a2899e4720 (9 bytes)
1708246531.430001 sending message 112 to peer 0x59a2899e4720 (12 bytes)
1708246531.430004 sending message 112 to peer 0x59a2899e4720 (13 bytes)
1708246531.430006 sending message 112 to peer 0x59a2899e4720 (13 bytes)
1708246531.430012 sending message 112 to peer 0x59a2899e4720 (13 bytes)
1708246531.430014 sending message 112 to peer 0x59a2899e4720 (13 bytes)
1708246531.430017 sending message 112 to peer 0x59a2899e4720 (13 bytes)
1708246531.430022 sending message 112 to peer 0x59a2899e4720 (9 bytes)
1708246531.430024 sending message 112 to peer 0x59a2899e4720 (12 bytes)
1708246531.430027 sending message 112 to peer 0x59a2899e4720 (13 bytes)
1708246531.430029 sending message 112 to peer 0x59a2899e4720 (13 bytes)
1708246531.430032 sending message 112 to peer 0x59a2899e4720 (13 bytes)
1708246531.430034 sending message 112 to peer 0x59a2899e4720 (13 bytes)
1708246531.430036 sending message 112 to peer 0x59a2899e4720 (13 bytes)
1708246531.430039 sending message 112 to peer 0x59a2899e4720 (11 bytes)
1708246531.430041 sending message 112 to peer 0x59a2899e4720 (12 bytes)
1708246531.430044 sending message 112 to peer 0x59a2899e4720 (13 bytes)
1708246531.430046 sending message 112 to peer 0x59a2899e4720 (13 bytes)
1708246531.430048 sending message 112 to peer 0x59a2899e4720 (13 bytes)
1708246531.430051 sending message 112 to peer 0x59a2899e4720 (13 bytes)
1708246531.430053 sending message 112 to peer 0x59a2899e4720 (13 bytes)
1708246531.430055 sending message 112 to peer 0x59a2899e4720 (11 bytes)
1708246531.430058 sending message 112 to peer 0x59a2899e4720 (12 bytes)
1708246531.430060 sending message 112 to peer 0x59a2899e4720 (12 bytes)
1708246531.430063 sending message 112 to peer 0x59a2899e4720 (12 bytes)
1708246531.430065 sending message 112 to peer 0x59a2899e4720 (12 bytes)
1708246531.430068 sending message 112 to peer 0x59a2899e4720 (12 bytes)
1708246531.430070 sending message 112 to peer 0x59a2899e4720 (21 bytes)
1708246531.430072 sending message 112 to peer 0x59a2899e4720 (12 bytes)
1708246531.430075 sending message 112 to peer 0x59a2899e4720 (9 bytes)
1708246531.430077 sending message 112 to peer 0x59a2899e4720 (6 bytes)
1708246531.430080 sending message 112 to peer 0x59a2899e4720 (13 bytes)
1708246531.430082 sending message 112 to peer 0x59a2899e4720 (8 bytes)
1708246531.430085 sending message 112 to peer 0x59a2899e4720 (15 bytes)
1708246531.430087 sending message 112 to peer 0x59a2899e4720 (13 bytes)
1708246531.430089 sending message 112 to peer 0x59a2899e4720 (9 bytes)
1708246531.430092 sending message 112 to peer 0x59a2899e4720 (70 bytes)
1708246531.430094 sending message 112 to peer 0x59a2899e4720 (69 bytes)
1708246531.430097 sending message 112 to peer 0x59a2899e4720 (10 bytes)
1708246531.430099 sending message 112 to peer 0x59a2899e4720 (10 bytes)
1708246531.430102 sending message 112 to peer 0x59a2899e4720 (8 bytes)
1708246531.430104 sending message 112 to peer 0x59a2899e4720 (15 bytes)
1708246531.430106 sending message 112 to peer 0x59a2899e4720 (13 bytes)
1708246531.430109 sending message 112 to peer 0x59a2899e4720 (10 bytes)
1708246531.430111 sending message 112 to peer 0x59a2899e4720 (10 bytes)
1708246531.430113 sending message 112 to peer 0x59a2899e4720 (17 bytes)
1708246531.430116 sending message 112 to peer 0x59a2899e4720 (10 bytes)
1708246531.430118 sending message 112 to peer 0x59a2899e4720 (13 bytes)
1708246531.430121 sending message 112 to peer 0x59a2899e4720 (9 bytes)
1708246531.430123 sending message 112 to peer 0x59a2899e4720 (5 bytes)
1708246531.430126 sending message 112 to peer 0x59a2899e4720 (15 bytes)
1708246531.430129 sending message 104 to peer 0x59a2899e4720 (0 bytes)
1708246531.430132 sending message 110 to peer 0x59a2899e4720 (0 bytes)
1708246531.430136 sending message 107 to peer 0x59a2899e4720 (4 bytes)
1708246531.430139 sending message 105 to peer 0x59a2899e4720 (46 bytes)
1708246531.430141 sending message 105 to peer 0x59a2899e4720 (67 bytes)
1708246531.430144 sending message 105 to peer 0x59a2899e4720 (22 bytes)
1708246531.430146 sending message 105 to peer 0x59a2899e4720 (33 bytes)
1708246531.430148 sending message 105 to peer 0x59a2899e4720 (54 bytes)
1708246531.430151 sending message 105 to peer 0x59a2899e4720 (43 bytes)
1708246531.430154 sending message 105 to peer 0x59a2899e4720 (22 bytes)
1708246531.430156 sending message 105 to peer 0x59a2899e4720 (35 bytes)
1708246531.430159 sending message 105 to peer 0x59a2899e4720 (86 bytes)
1708246531.430161 sending message 105 to peer 0x59a2899e4720 (15 bytes)
1708246531.430163 sending message 105 to peer 0x59a2899e4720 (38 bytes)
1708246531.430168 sending message 105 to peer 0x59a2899e4720 (15 bytes)
1708246531.430170 sending message 105 to peer 0x59a2899e4720 (17 bytes)
1708246531.430173 sending message 105 to peer 0x59a2899e4720 (12 bytes)
1708246531.430178 sending message 105 to peer 0x59a2899e4720 (25 bytes)
1708246531.430180 sending message 105 to peer 0x59a2899e4720 (16 bytes)
1708246531.430183 sending message 105 to peer 0x59a2899e4720 (11 bytes)
1708246531.430185 sending message 105 to peer 0x59a2899e4720 (155 bytes)
1708246531.430188 sending message 105 to peer 0x59a2899e4720 (38 bytes)
1708246531.430190 sending message 105 to peer 0x59a2899e4720 (51 bytes)
1708246531.430193 sending message 105 to peer 0x59a2899e4720 (26 bytes)
1708246531.430195 sending message 105 to peer 0x59a2899e4720 (15 bytes)
1708246531.430197 sending message 105 to peer 0x59a2899e4720 (62 bytes)
1708246531.430200 sending message 105 to peer 0x59a2899e4720 (20 bytes)
1708246531.430202 sending message 105 to peer 0x59a2899e4720 (47 bytes)
1708246531.430205 sending message 105 to peer 0x59a2899e4720 (20 bytes)
1708246531.430207 sending message 105 to peer 0x59a2899e4720 (70 bytes)
1708246531.430210 sending message 105 to peer 0x59a2899e4720 (23 bytes)
1708246531.430212 sending message 105 to peer 0x59a2899e4720 (9 bytes)
1708246531.430215 sending message 105 to peer 0x59a2899e4720 (287 bytes)
1708246531.430217 sending message 105 to peer 0x59a2899e4720 (57 bytes)
1708246531.430219 sending message 105 to peer 0x59a2899e4720 (12 bytes)
1708246531.430222 sending message 105 to peer 0x59a2899e4720 (17 bytes)
1708246531.430224 sending message 105 to peer 0x59a2899e4720 (23 bytes)
1708246531.430227 sending message 105 to peer 0x59a2899e4720 (18 bytes)
1708246531.430229 sending message 105 to peer 0x59a2899e4720 (41 bytes)
1708246531.430232 sending message 105 to peer 0x59a2899e4720 (16 bytes)
1708246531.430234 sending message 105 to peer 0x59a2899e4720 (18 bytes)
1708246531.430236 sending message 105 to peer 0x59a2899e4720 (35 bytes)
1708246531.430239 sending message 105 to peer 0x59a2899e4720 (25 bytes)
1708246531.430241 sending message 105 to peer 0x59a2899e4720 (22 bytes)
1708246531.430244 sending message 105 to peer 0x59a2899e4720 (26 bytes)
1708246531.430246 sending message 105 to peer 0x59a2899e4720 (8 bytes)
1708246531.430248 sending message 105 to peer 0x59a2899e4720 (14 bytes)
1708246531.430251 sending message 105 to peer 0x59a2899e4720 (109 bytes)
1708246531.430253 sending message 105 to peer 0x59a2899e4720 (23 bytes)
1708246531.430256 sending message 105 to peer 0x59a2899e4720 (120 bytes)
1708246531.430258 sending message 105 to peer 0x59a2899e4720 (26 bytes)
1708246531.430261 sending message 105 to peer 0x59a2899e4720 (13 bytes)
1708246531.430263 sending message 105 to peer 0x59a2899e4720 (23 bytes)
1708246531.430265 sending message 105 to peer 0x59a2899e4720 (31 bytes)
1708246531.430268 sending message 105 to peer 0x59a2899e4720 (45 bytes)
1708246531.430270 sending message 105 to peer 0x59a2899e4720 (19 bytes)
1708246531.430273 sending message 105 to peer 0x59a2899e4720 (26 bytes)
1708246531.430275 sending message 105 to peer 0x59a2899e4720 (60 bytes)
1708246531.430278 sending message 105 to peer 0x59a2899e4720 (54 bytes)
1708246531.430280 sending message 105 to peer 0x59a2899e4720 (32 bytes)
1708246531.430282 sending message 105 to peer 0x59a2899e4720 (21 bytes)
1708246531.430285 sending message 106 to peer 0x59a2899e4720 (0 bytes)
1708246531.430331 sending message 200 to peer 0x59a2899e4720 (4 bytes)
1708246531.430334 client loop enter
1708246531.432554 peer 0x59a2899e4720 message 303
1708246531.432559 open write file 2 -
1708246531.432570 sending message 305 to peer 0x59a2899e4720 (8 bytes)
1708246531.432578 write check file 2
1708246531.432736 peer 0x59a2899e4720 message 304
1708246531.432741 write 58 to file 2
1708246531.432745 peer 0x59a2899e4720 message 203
1708246531.432747 file 2 58 bytes left
1708246531.432760 write check file 2
1708246531.432765 client loop exit
